
================================================================
======== FXServer Starting - 13/06/2023 15:51:51                
================================================================
[    c-scripting-core] Creating script environments for _cfx_internal
[ citizen-server-impl] Scanning resources.
[ citizen-server-impl] Found 25 resources.
[          svadhesive] Authenticating server license key...
[          svadhesive] Server license key authentication succeeded. Welcome!
[    c-scripting-core] Creating script environments for sessionmanager
[ citizen-server-impl] Started resource sessionmanager
[    c-scripting-core] Creating script environments for monitor
[      script:monitor] [0m[txAdminClient] Version 4.17.1 starting...
[ citizen-server-impl] Started resource monitor
[    c-scripting-core] Creating script environments for mapmanager
[ citizen-server-impl] [97mStarted resource mapmanager
[    c-scripting-core] [0mCreating script environments for yarn
[ citizen-server-impl] [97mStarted resource yarn
[ citizen-server-impl] Running build tasks on resource webpack - it'll restart once completed.
[    c-resources-core] [97mCould not start dependency webpack for resource chat.
[ citizen-server-impl] Couldn't start resource chat.
[ citizen-server-impl] Started resource spawnmanager
[   script:mapmanager] Started gametype Freeroam
[ citizen-server-impl] Started resource basic-gamemode
[    c-scripting-core] Creating script environments for hardcap
[ citizen-server-impl] [0mStarted resource hardcap
[      script:monitor] [txAdminClient] Threads and commands set up. All Ready.
[   script:mapmanager] [97mStarted map fivem-map-hipster
[ citizen-server-impl] Started resource fivem-map-hipster
[38;5;151m[         script:yarn] [yarn]	yarn install v1.22.5
[ citizen-server-impl] [97m        fff                          
[ citizen-server-impl]   cccc ff   xx  xx     rr rr    eee  
[ citizen-server-impl] cc     ffff   xx       rrr  r ee   e 
[ citizen-server-impl] cc     ff     xx   ... rr     eeeee  
[ citizen-server-impl]  ccccc ff   xx  xx ... rr      eeeee 
[ citizen-server-impl]                                      
[ citizen-server-impl] Authenticated with cfx.re Nucleus: https://beardev111-my9l8d.users.cfx.re/
[         script:yarn] [yarn]	[1/4] Resolving packages...
[         script:yarn] [yarn]	[2/4] Fetching packages...
[         script:yarn] [0m[yarn]	info fsevents@2.3.1: The platform "win32" is incompatible with this module.
[         script:yarn] [yarn]	info "fsevents@2.3.1" is an optional dependency and failed compatibility check. Excluding it from installation.
[         script:yarn] [yarn]	info fsevents@1.2.13: The platform "win32" is incompatible with this module.
[         script:yarn] info "fsevents@1.2.13" is an optional dependency and failed compatibility check. Excluding it from installation.
[         script:yarn] [yarn]	[3/4] Linking dependencies...
[         script:yarn] [yarn]	[4/4] Building fresh packages...
[         script:yarn] Error: [yarn]	warning Ignored scripts due to flag.
[         script:yarn] [0m[yarn]	Done in 15.99s.
[ citizen-server-impl] Build tasks completed - starting resource webpack.
[    c-scripting-core] Creating script environments for webpack
[ citizen-server-impl] Running build tasks on resource chat - it'll restart once completed.
[ citizen-server-impl] Started resource webpack
[ citizen-server-impl] server thread hitch warning: timer interval of 335 milliseconds
[         script:yarn] [yarn]	yarn install v1.22.5
[         script:yarn] [yarn]	[1/4] Resolving packages...
[         script:yarn] [yarn]	[2/4] Fetching packages...
[         script:yarn] [yarn]	info fsevents@1.2.11: The platform "win32" is incompatible with this module.
[         script:yarn] [yarn]	info "fsevents@1.2.11" is an optional dependency and failed compatibility check. Excluding it from installation.
[         script:yarn] [yarn]	[3/4] Linking dependencies...
[         script:yarn] [yarn]	[4/4] Building fresh packages...
[         script:yarn] Error: [yarn]	warning Ignored scripts due to flag.
[         script:yarn] [yarn]	Done in 33.96s.
[      script:webpack] chat: started building webpack.config.js
[ citizen-server-impl] server thread hitch warning: timer interval of 8507 milliseconds
[      script:webpack] chat: built webpack.config.js
[ citizen-server-impl] Build tasks completed - starting resource chat.
[    c-scripting-core] Creating script environments for chat
[ citizen-server-impl] [0mStarted resource chat
[ citizen-server-impl] Server list query returned an error: System.Threading.Tasks.TaskCanceledException: A task was canceled. <- System.TimeoutException: A task was canceled. <- System.Threading.Tasks.TaskCanceledException: The request was canceled due to the configured HttpClient.Timeout of 30 seconds elapsing.
[ citizen-server-impl] Server list query returned an error: System.Threading.Tasks.TaskCanceledException: A task was canceled. <- System.TimeoutException: A task was canceled. <- System.Threading.Tasks.TaskCanceledException: The request was canceled due to the configured HttpClient.Timeout of 30 seconds elapsing.
[ citizen-server-impl] Server list query returned an error: System.Threading.Tasks.TaskCanceledException: A task was canceled. <- System.TimeoutException: A task was canceled. <- System.Threading.Tasks.TaskCanceledException: The request was canceled due to the configured HttpClient.Timeout of 30 seconds elapsing.

================================================================
======== FXServer Starting - 13/06/2023 16:03:40                
================================================================
[    c-scripting-core] Creating script environments for _cfx_internal
[ citizen-server-impl] Scanning resources.
[ citizen-server-impl] Found 25 resources.
[          svadhesive] Authenticating server license key...
[          svadhesive] Server license key authentication succeeded. Welcome!
[    c-scripting-core] Creating script environments for sessionmanager
[ citizen-server-impl] Started resource sessionmanager
[    c-scripting-core] Creating script environments for monitor
[      script:monitor] [txAdminClient] Version 4.17.1 starting...
[ citizen-server-impl] Started resource monitor
[    c-scripting-core] Creating script environments for mapmanager
[ citizen-server-impl] Started resource mapmanager
[    c-scripting-core] Creating script environments for yarn
[ citizen-server-impl] Started resource yarn
[    c-scripting-core] Creating script environments for webpack
[ citizen-server-impl] Started resource webpack
[    c-scripting-core] [97mCreating script environments for chat
[ citizen-server-impl] Started resource chat
[ citizen-server-impl] Started resource spawnmanager
[   script:mapmanager] Started gametype Freeroam
[ citizen-server-impl] Started resource basic-gamemode
[    c-scripting-core] Creating script environments for hardcap
[ citizen-server-impl] Started resource hardcap
[      script:monitor] [txAdminClient] Threads and commands set up. All Ready.
[   script:mapmanager] Started map fivem-map-hipster
[ citizen-server-impl] Started resource fivem-map-hipster
[ citizen-server-impl]         fff                          
[ citizen-server-impl]   cccc ff   xx  xx     rr rr    eee  
[ citizen-server-impl] cc     ffff   xx       rrr  r ee   e 
[ citizen-server-impl] cc     ff     xx   ... rr     eeeee  
[ citizen-server-impl]  ccccc ff   xx  xx ... rr      eeeee 
[ citizen-server-impl]                                      
[ citizen-server-impl] Authenticated with cfx.re Nucleus: https://beardev111-my9l8d.users.cfx.re/
[ citizen-server-impl] Server list query returned an error: System.Threading.Tasks.TaskCanceledException: A task was canceled. <- System.TimeoutException: A task was canceled. <- System.Threading.Tasks.TaskCanceledException: The request was canceled due to the configured HttpClient.Timeout of 30 seconds elapsing.
[ citizen-server-impl] sync thread hitch warning: timer interval of 107 milliseconds
[ citizen-server-impl] sync thread hitch warning: timer interval of 158 milliseconds
[ citizen-server-impl] network thread hitch warning: timer interval of 159 milliseconds
[ citizen-server-impl] sync thread hitch warning: timer interval of 126 milliseconds
[ citizen-server-impl] network thread hitch warning: timer interval of 166 milliseconds
[ citizen-server-impl] sync thread hitch warning: timer interval of 151 milliseconds
[ citizen-server-impl] network thread hitch warning: timer interval of 181 milliseconds
[ citizen-server-impl] network thread hitch warning: timer interval of 230 milliseconds
[ citizen-server-impl] network thread hitch warning: timer interval of 316 milliseconds
[ citizen-server-impl] network thread hitch warning: timer interval of 162 milliseconds
[ citizen-server-impl] network thread hitch warning: timer interval of 351 milliseconds
[ citizen-server-impl] network thread hitch warning: timer interval of 160 milliseconds
[ citizen-server-impl] network thread hitch warning: timer interval of 324 milliseconds
[ citizen-server-impl] network thread hitch warning: timer interval of 274 milliseconds
[ citizen-server-impl] network thread hitch warning: timer interval of 216 milliseconds
[ citizen-server-impl] network thread hitch warning: timer interval of 340 milliseconds
[ citizen-server-impl] sync thread hitch warning: timer interval of 210 milliseconds
[ citizen-server-impl] network thread hitch warning: timer interval of 231 milliseconds
[ citizen-server-impl] sync thread hitch warning: timer interval of 264 milliseconds
[ citizen-server-impl] sync thread hitch warning: timer interval of 155 milliseconds
[ citizen-server-impl] sync thread hitch warning: timer interval of 234 milliseconds
[ citizen-server-impl] sync thread hitch warning: timer interval of 139 milliseconds
[ citizen-server-impl] [0msync thread hitch warning: timer interval of 115 milliseconds
[ citizen-server-impl] [0msync thread hitch warning: timer interval of 117 milliseconds
[ citizen-server-impl] sync thread hitch warning: timer interval of 144 milliseconds
[ citizen-server-impl] sync thread hitch warning: timer interval of 231 milliseconds
[ citizen-server-impl] sync thread hitch warning: timer interval of 116 milliseconds
[ citizen-server-impl] sync thread hitch warning: timer interval of 106 milliseconds
[ citizen-server-impl] sync thread hitch warning: timer interval of 166 milliseconds
[ citizen-server-impl] sync thread hitch warning: timer interval of 149 milliseconds
[ citizen-server-impl] network thread hitch warning: timer interval of 212 milliseconds
[ citizen-server-impl] network thread hitch warning: timer interval of 220 milliseconds
[ citizen-server-impl] network thread hitch warning: timer interval of 196 milliseconds
[ citizen-server-impl] sync thread hitch warning: timer interval of 321 milliseconds
[ citizen-server-impl] sync thread hitch warning: timer interval of 120 milliseconds
[ citizen-server-impl] [0msync thread hitch warning: timer interval of 169 milliseconds
[ citizen-server-impl] network thread hitch warning: timer interval of 166 milliseconds
[ citizen-server-impl] sync thread hitch warning: timer interval of 103 milliseconds
[ citizen-server-impl] sync thread hitch warning: timer interval of 102 milliseconds
[ citizen-server-impl] sync thread hitch warning: timer interval of 110 milliseconds
[ citizen-server-impl] sync thread hitch warning: timer interval of 174 milliseconds
[ citizen-server-impl] network thread hitch warning: timer interval of 176 milliseconds
[ citizen-server-impl] sync thread hitch warning: timer interval of 133 milliseconds
[ citizen-server-impl] sync thread hitch warning: timer interval of 172 milliseconds
[ citizen-server-impl] network thread hitch warning: timer interval of 174 milliseconds
[ citizen-server-impl] sync thread hitch warning: timer interval of 125 milliseconds
[ citizen-server-impl] sync thread hitch warning: timer interval of 180 milliseconds
[ citizen-server-impl] sync thread hitch warning: timer interval of 118 milliseconds
[ citizen-server-impl] sync thread hitch warning: timer interval of 174 milliseconds
[ citizen-server-impl] [0msync thread hitch warning: timer interval of 141 milliseconds
[ citizen-server-impl] sync thread hitch warning: timer interval of 242 milliseconds
[ citizen-server-impl] network thread hitch warning: timer interval of 244 milliseconds
[ citizen-server-impl] sync thread hitch warning: timer interval of 159 milliseconds
[ citizen-server-impl] network thread hitch warning: timer interval of 158 milliseconds
[ citizen-server-impl] sync thread hitch warning: timer interval of 147 milliseconds
[ citizen-server-impl] sync thread hitch warning: timer interval of 196 milliseconds
[ citizen-server-impl] network thread hitch warning: timer interval of 195 milliseconds
[ citizen-server-impl] sync thread hitch warning: timer interval of 103 milliseconds
[ citizen-server-impl] network thread hitch warning: timer interval of 256 milliseconds
[ citizen-server-impl] sync thread hitch warning: timer interval of 256 milliseconds
> txaEvent "serverShuttingDown" "{＂delay＂:5000,＂author＂:＂beardev111＂,＂message＂:＂Server restarting (requested by beardev111).＂}"
[      script:monitor] [0mServer shutdown imminent. Kicking all players.

================================================================
======== FXServer Starting - 13/06/2023 16:08:02                
================================================================
[    c-scripting-core] Creating script environments for _cfx_internal
[ citizen-server-impl] Scanning resources.
[ citizen-server-impl] Found 25 resources.
[          svadhesive] Authenticating server license key...
[          svadhesive] Server license key authentication succeeded. Welcome!
[    c-scripting-core] Creating script environments for sessionmanager
[ citizen-server-impl] Started resource sessionmanager
[    c-scripting-core] Creating script environments for monitor
[      script:monitor] [txAdminClient] Version 4.17.1 starting...
[ citizen-server-impl] Started resource monitor
[    c-scripting-core] Creating script environments for mapmanager
[ citizen-server-impl] Started resource mapmanager
[    c-scripting-core] Creating script environments for yarn
[ citizen-server-impl] Started resource yarn
[    c-scripting-core] Creating script environments for webpack
[ citizen-server-impl] Started resource webpack
[    c-scripting-core] Creating script environments for chat
[ citizen-server-impl] Started resource chat
[ citizen-server-impl] Started resource spawnmanager
[   script:mapmanager] Started gametype Freeroam
[ citizen-server-impl] Started resource basic-gamemode
[    c-scripting-core] Creating script environments for hardcap
[ citizen-server-impl] Started resource hardcap
[      script:monitor] [97m[txAdminClient] Threads and commands set up. All Ready.
[   script:mapmanager] Started map fivem-map-hipster
[ citizen-server-impl] Started resource fivem-map-hipster
[ citizen-server-impl] [91m        fff                          
[ citizen-server-impl]   cccc ff   xx  xx     rr rr    eee  
[ citizen-server-impl] cc     ffff   xx       rrr  r ee   e 
[ citizen-server-impl] cc     ff     xx   ... rr     eeeee  
[ citizen-server-impl]  ccccc ff   xx  xx ... rr      eeeee 
[ citizen-server-impl]                                      
[ citizen-server-impl] Authenticated with cfx.re Nucleus: https://beardev111-my9l8d.users.cfx.re/
[      script:hardcap] Connecting: Manzera
[ citizen-server-impl] Server list query returned an error: System.Threading.Tasks.TaskCanceledException: A task was canceled. <- System.TimeoutException: A task was canceled. <- System.Threading.Tasks.TaskCanceledException: The request was canceled due to the configured HttpClient.Timeout of 30 seconds elapsing.
> refresh
[ citizen-server-impl] [32mScanning resources.
[ citizen-server-impl] Found 7 new resources, and refreshed 0/25 resources.
> start ch_car
[ citizen-server-impl] Started resource ch_car
[ citizen-server-impl] [0mServer list query returned an error: System.Threading.Tasks.TaskCanceledException: A task was canceled. <- System.TimeoutException: A task was canceled. <- System.Threading.Tasks.TaskCanceledException: The request was canceled due to the configured HttpClient.Timeout of 30 seconds elapsing.
> refresh
[ citizen-server-impl] Scanning resources.
[ citizen-server-impl] [32mFound 0 new resources, and refreshed 0/32 resources.
> start ch_gui
[ citizen-server-impl] Started resource ch_gui
> start ch_hoodcontrol
[ citizen-server-impl] Started resource ch_hoodcontrol
> start ch_nui
[ citizen-server-impl] Started resource ch_nui
> start ch_spawn
[   script:mapmanager] [0mChanging gametype from basic-gamemode to ch_spawn
[ citizen-server-impl] Stopping resource fivem-map-hipster
[ citizen-server-impl] Stopping resource basic-gamemode
[   script:mapmanager] Started gametype bearDev Type!
[ citizen-server-impl] Started resource ch_spawn
> start ch_teleporter
[    c-scripting-core] Creating script environments for ch_teleporter
[script:ch_teleporter] Error loading script server/server.lua in resource ch_teleporter: @ch_teleporter/server/server.lua:1: attempt to call a nil value (global 'RegistreNetEvent')
[script:ch_teleporter] stack traceback:
[script:ch_teleporter] 	@ch_teleporter/server/server.lua:1: in main chunk
[    c-scripting-core] Failed to load script server/server.lua.
[ citizen-server-impl] Started resource ch_teleporter
> start ch_weapon
[ citizen-server-impl] [0mStarted resource ch_weapon
[ citizen-server-impl] Server list query returned an error: System.Threading.Tasks.TaskCanceledException: A task was canceled. <- System.TimeoutException: A task was canceled. <- System.Threading.Tasks.TaskCanceledException: The request was canceled due to the configured HttpClient.Timeout of 30 seconds elapsing.
[ citizen-server-impl] [91mServer list query returned an error: System.Threading.Tasks.TaskCanceledException: A task was canceled. <- System.TimeoutException: A task was canceled. <- System.Threading.Tasks.TaskCanceledException: The request was canceled due to the configured HttpClient.Timeout of 30 seconds elapsing.[0m
[ citizen-server