
================================================================
======== txAdmin Starting - 13/06/2023 15:50:04                 
================================================================
[15:51:54] txAdmin: Logger started

================================================================
======== txAdmin Starting - 13/06/2023 16:03:37                 
================================================================
[16:03:43] txAdmin: Logger started
[16:08:05] txAdmin: Logger started
[16:08:37] [hWRAP#1] Manzera: joined with identifiers [license:d2dda25355bdb0063bab9df26f76d7849f797fd4; xbl:2533274848865107; live:1899946064623094; discord:193216432790700033; fivem:10838085; license2:c236c6f1c345445677c26bcc7211e6428de8cb64]

================================================================
======== txAdmin Starting - 13/06/2023 16:23:02                 
================================================================
[16:23:08] txAdmin: Logger started
[16:24:00] [Vkggx#1] mked0n: joined with identifiers [license:3127c5c28231878b18706a1d3ec378d28f35569e; xbl:2533274959419183; live:844427897683403; discord:1099066665179828416; fivem:10838085; license2:24fc2df77ff376df1052e07d06b384414aa97c83]
[16:24:38] [Vkggx#2] Manzera: joined with identifiers [license:d2dda25355bdb0063bab9df26f76d7849f797fd4; xbl:2533274848865107; live:1899946064623094; discord:193216432790700033; fivem:10838085; license2:c236c6f1c345445677c26bcc7211e6428de8cb64]
[16:26:48] [Vkggx#1] mked0n: said "/c frogger"
[16:26:56] [Vkggx#2] Manzera: said "/c frogger"
[16:27:41] [Vkggx#1] mked0n: triggered drunk effect on [#2] Manzera
[16:28:03] [Vkggx#1] mked0n: set [#2] Manzera on fire
[16:28:09] [Vkggx#2] Manzera: died from suicide (Fire)
[16:28:16] [Vkggx#1] mked0n: triggered wild attack on [#2] Manzera
[16:30:13] [Vkggx#2] Manzera: died from suicide
[16:31:05] [Vkggx#1] mked0n: teleported to a waypoint
[16:31:59] [Vkggx#2] Manzera: died from suicide
[16:40:53] [Vkggx#2] Manzera: caused an explosion (PLANE)
[16:40:53] [Vkggx#2] Manzera: died from suicide (Explosion)
[16:51:37] [Vkggx#1] mked0n: died from suicide (Carbine Rifle)
[16:54:44] [Vkggx#2] Manzera: caused an explosion (CAR)
[16:54:44] [Vkggx#2] Manzera: caused an explosion (CAR)
[16:54:44] [Vkggx#2] Manzera: caused an explosion (CAR)
[16:54:47] [Vkggx#2] Manzera: caused an explosion (CAR)
[16:54:47] [Vkggx#2] Manzera: caused an explosion (CAR)
[16:55:02] [Vkggx#2] Manzera: caused an explosion (ROCKET)
[16:55:05] [Vkggx#2] Manzera: caused an explosion (CAR)
[16:55:05] [Vkggx#2] Manzera: caused an explosion (CAR)
[16:55:08] [Vkggx#2] Manzera: caused an explosion (ROCKET)
[16:55:08] [Vkggx#2] Manzera: caused an explosion (CAR)
[16:55:13] [Vkggx#2] Manzera: caused an explosion (ROCKET)
[16:55:16] [Vkggx#2] Manzera: caused an explosion (CAR)
[16:55:16] [Vkggx#2] Manzera: caused an explosion (CAR)
[16:55:18] [Vkggx#2] Manzera: caused an explosion (CAR)
[16:55:18] [Vkggx#2] Manzera: caused an explosion (CAR)
[16:55:21] [Vkggx#2] Manzera: caused an explosion (CAR)
[16:55:21] [Vkggx#2] Manzera: caused an explosion (CAR)
[16:55:31] [Vkggx#2] Manzera: caused an explosion (ROCKET)
[16:55:36] [Vkggx#2] Manzera: caused an explosion (TRUCK)
[16:55:36] [Vkggx#2] Manzera: caused an explosion (TRUCK)
[16:55:36] [Vkggx#2] Manzera: caused an explosion (CAR)
[16:55:36] [Vkggx#2] Manzera: caused an explosion (CAR)
[16:55:38] [Vkggx#2] Manzera: caused an explosion (CAR)
[16:55:38] [Vkggx#2] Manzera: caused an explosion (CAR)
[16:55:43] [Vkggx#2] Manzera: caused an explosion (ROCKET)
[16:55:46] [Vkggx#2] Manzera: caused an explosion (CAR)
[16:55:46] [Vkggx#2] Manzera: caused an explosion (CAR)
[16:55:51] [Vkggx#2] Manzera: caused an explosion (PLANE)
[16:55:51] [Vkggx#2] Manzera: caused an explosion (PLANE)
[16:55:54] [Vkggx#2] Manzera: caused an explosion (PLANE)
[16:55:54] [Vkggx#2] Manzera: caused an explosion (PLANE)
[16:55:59] [Vkggx#2] Manzera: caused an explosion (CAR)
[16:55:59] [Vkggx#2] Manzera: caused an explosion (CAR)
[16:56:00] [Vkggx#2] Manzera: died from suicide (Carbine Rifle)
[17:03:06] [Vkggx#1] mked0n: disconnected ([txAdmin] Server restarting (requested by beardev111).)
[17:03:06] [Vkggx#2] Manzera: disconnected ([txAdmin] Server restarting (requested by beardev111).)
[17:03:15] txAdmin: Logger started
[17:03:52] [wBAwj#1] Manzera: joined with identifiers [license:d2dda25355bdb0063bab9df26f76d7849f797fd4; xbl:2533274848865107; live:1899946064623094; discord:193216432790700033; fivem:10838085; license2:c236c6f1c345445677c26bcc7211e6428de8cb64]
[17:05:54] [wBAwj#2] mked0n: joined with identifiers [license:3127c5c28231878b18706a1d3ec378d28f35569e; xbl:2533274959419183; live:844427897683403; discord:1099066665179828416; fivem:10869276; license2:24fc2df77ff376df1052e07d06b384414aa97c83]
[17:10:12] [wBAwj#2] mked0n: disconnected (Exiting)

================================================================
======== txAdmin Starting - 13/06/2023 17:15:49                 
================================================================

================================================================
======== txAdmin Starting - 13/06/2023 17:17:11                 
================================================================
[17:17:16] txAdmin: Logger started
[17:17:56] [mBL3W#1] Manzera: joined with identifiers [license:d2dda25355bdb0063bab9df26f76d7849f797fd4; xbl:2533274848865107; live:1899946064623094; discord:193216432790700033; fivem:10838085; license2:c236c6f1c345445677c26bcc7211e6428de8cb64]
[17:18:28] [mBL3W#1] Manzera: said "/c havoc"

================================================================
======== txAdmin Starting - 13/06/2023 17:19:55                 
================================================================
[17:20:05] txAdmin: Logger started

================================================================
======== txAdmin Starting - 13/06/2023 17:21:15                 
================================================================
[17:21:24] txAdmin: Logger started
[17:22:06] [HYYXG#1] Manzera: joined with identifiers [license:d2dda25355bdb0063bab9df26f76d7849f797fd4; xbl:2533274848865107; live:1899946064623094; discord:193216432790700033; fivem:10838085; license2:c236c6f1c345445677c26bcc7211e6428de8cb64]
[17:31:39] [HYYXG#1] Manzera: said "/-openhood"
[17:31:39] [HYYXG#1] Manzera: said "/-opentrunk"
[17:31:40] [HYYXG#1] Manzera: said "/-openhood"
[17:31:40] [HYYXG#1] Manzera: said "/-opentrunk"
[17:31:41] [HYYXG#1] Manzera: said "/-openhood"
[17:31:41] [HYYXG#1] Manzera: said "/-opentrunk"
[17:31:41] [HYYXG#1] Manzera: said "/-openhood"
[17:31:42] [HYYXG#1] Manzera: said "/-opentrunk"
[17:31:42] [HYYXG#1] Manzera: said "/-openhood"
[17:31:42] [HYYXG#1] Manzera: said "/-opentrunk"
[17:31:42] [HYYXG#1] Manzera: said "/-openhood"
[17:31:43] [HYYXG#1] Manzera: said "/-opentrunk"
[17:31:43] [HYYXG#1] Manzera: said "/-opentrunk"
[17:31:43] [HYYXG#1] Manzera: said "/-openhood"
[17:31:44] [HYYXG#1] Manzera: said "/-opentrunk"
[17:31:44] [HYYXG#1] Manzera: said "/-openhood"
[17:31:45] [HYYXG#1] Manzera: said "/-openhood"
[17:31:45] [HYYXG#1] Manzera: said "/-opentrunk"
[17:31:45] [HYYXG#1] Manzera: said "/-openhood"
[17:31:46] [HYYXG#1] Manzera: said "/-opentrunk"
[17:31:46] [HYYXG#1] Manzera: said "/-openhood"
[17:31:46] [HYYXG#1] Manzera: said "/-openhood"
[17:31:47] [HYYXG#1] Manzera: said "/-opentrunk"
[17:31:47] [HYYXG#1] Manzera: said "/-openhood"
[17:31:48] [HYYXG#1] Manzera: said "/-openhood"
[17:31:49] [HYYXG#1] Manzera: said "/-opentrunk"
[17:31:49] [HYYXG#1] Manzera: said "/-openhood"
[17:31:50] [HYYXG#1] Manzera: said "/-openhood"
[17:31:50] [HYYXG#1] Manzera: said "/-opentrunk"
[17:31:51] [HYYXG#1] Manzera: said "/-openhood"
[17:31:51] [HYYXG#1] Manzera: said "/-opentrunk"
[17:31:53] [HYYXG#1] Manzera: said "/-openhood"
[17:35:35] [HYYXG#1] Manzera: died from suicide (Pistol)
[17:55:38] [HYYXG#1] Manzera: disconnected (Exiting)

================================================================
======== txAdmin Starting - 13/06/2023 19:42:21                 
================================================================
[19:42:34] txAdmin: Logger started
[19:44:28] [dEVF6#1] Buckets86: joined with identifiers [license:d2dda25355bdb0063bab9df26f76d7849f797fd4; xbl:2533274848865107; live:1899946064623094; discord:193216432790700033; fivem:10838085; license2:c236c6f1c345445677c26bcc7211e6428de8cb64]
[19:47:27] [dEVF6#1] Buckets86: said "/-openhood"
[19:47:28] [dEVF6#1] Buckets86: said "/-opentrunk"
[19:47:28] [dEVF6#1] Buckets86: said "/-openhood"
[19:47:29] [dEVF6#1] Buckets86: said "/-opentrunk"
[19:47:29] [dEVF6#1] Buckets86: said "/-openhood"
[19:47:29] [dEVF6#1] Buckets86: said "/-opentrunk"
[19:47:30] [dEVF6#1] Buckets86: said "/-openhood"
[19:47:30] [dEVF6#1] Buckets86: said "/-opentrunk"
[19:47:46] [dEVF6#1] Buckets86: said "/-openhood"
[19:47:47] [dEVF6#1] Buckets86: said "/-opentrunk"
[19:47:47] [dEVF6#1] Buckets86: said "/-openhood"
[19:47:48] [dEVF6#1] Buckets86: said "/-opentrunk"
[19:47:50] [dEVF6#1] Buckets86: said "/-openhood"
[19:47:50] [dEVF6#1] Buckets86: said "/-opentrunk"
[19:47:51] [dEVF6#1] Buckets86: said "/-openhood"
[19:47:51] [dEVF6#1] Buckets86: said "/-opentrunk"
[19:48:08] [dEVF6#1] Buckets86: disconnected (Exiting)

================================================================
======== txAdmin Starting - 13/06/2023 19:50:23                 
================================================================

================================================================
======== txAdmin Starting - 13/06/2023 19:54:13                 
================================================================
[19:54:18] txAdmin: Logger started
[21:14:37] [LCm4E#1] Buckets86: joined with identifiers [license:d2dda25355bdb0063bab9df26f76d7849f797fd4; xbl:2533274848865107; live:1899946064623094; discord:193216432790700033; fivem:10838085; license2:c236c6f1c345445677c26bcc7211e6428de8cb64]
[21:16:33] [LCm4E#1] Buckets86: caused an explosion (ROCKET)
[21:16:35] [LCm4E#1] Buckets86: caused an explosion (TRUCK)
[21:16:35] [LCm4E#1] Buckets86: caused an explosion (TRUCK)
[21:16:40] [LCm4E#1] Buckets86: caused an explosion (TRUCK)
[21:16:40] [LCm4E#1] Buckets86: caused an explosion (TRUCK)
[21:16:51] [LCm4E#1] Buckets86: caused an explosion (TRUCK)
[21:16:51] [LCm4E#1] Buckets86: caused an explosion (TRUCK)
[21:17:02] [LCm4E#1] Buckets86: caused an explosion (TRUCK)
[21:17:02] [LCm4E#1] Buckets86: caused an explosion (TRUCK)
[21:17:05] [LCm4E#1] Buckets86: caused an explosion (CAR)
[21:17:05] [LCm4E#1] Buckets86: caused an explosion (CAR)
[21:17:09] [LCm4E#1] Buckets86: caused an explosion (CAR)
[21:17:09] [LCm4E#1] Buckets86: caused an explosion (CAR)
[21:17:12] [LCm4E#1] Buckets86: caused an explosion (CAR)
[21:17:12] [LCm4E#1] Buckets86: caused an explosion (CAR)
[21:17:16] [LCm4E#1] Buckets86: caused an explosion (CAR)
[21:17:16] [LCm4E#1] Buckets86: caused an explosion (CAR)
[21:17:16] [LCm4E#1] Buckets86: caused an explosion (CAR)
[21:17:20] [LCm4E#1] Buckets86: caused an explosion (ROCKET)
[21:17:20] [LCm4E#1] Buckets86: caused an explosion (CAR)
[21:17:28] [LCm4E#1] Buckets86: caused an explosion (CAR)
[21:17:28] [LCm4E#1] Buckets86: caused an explosion (CAR)
[21:17:28] [LCm4E#1] Buckets86: caused an explosion (CAR)
[21:17:34] [LCm4E#1] Buckets86: caused an explosion (CAR)
[21:17:35] [LCm4E#1] Buckets86: caused an explosion (CAR)
[21:17:43] [LCm4E#1] Buckets86: caused an explosion (TRUCK)
[21:17:43] [LCm4E#1] Buckets86: caused an explosion (TRUCK)
[21:17:43] [LCm4E#1] Buckets86: caused an explosion (CAR)
[21:17:43] [LCm4E#1] Buckets86: caused an explosion (PLANE)
[21:17:46] [LCm4E#1] Buckets86: disconnected (Exiting)
